<?xml version="1.0" encoding="UTF-8"?>
<coverage generated="1777315726960" clover="3.2.0">
  <project timestamp="1777315726960" name="All files">
    <metrics statements="71" coveredstatements="62" conditionals="16" coveredconditionals="10" methods="27" coveredmethods="20" elements="114" coveredelements="92" complexity="0" loc="71" ncloc="71" packages="2" files="11" classes="11"/>
    <package name="components">
      <metrics statements="52" coveredstatements="48" conditionals="16" coveredconditionals="10" methods="20" coveredmethods="18"/>
      <file name="Body.js" path="C:\Users\Ananya Sachan\Desktop\react codes\src\components\Body.js">
        <metrics statements="30" coveredstatements="27" conditionals="6" coveredconditionals="5" methods="10" coveredmethods="9"/>
        <line num="10" count="1" type="stmt"/>
        <line num="12" count="7" type="stmt"/>
        <line num="13" count="7" type="stmt"/>
        <line num="15" count="7" type="stmt"/>
        <line num="17" count="7" type="stmt"/>
        <line num="20" count="7" type="stmt"/>
        <line num="21" count="7" type="stmt"/>
        <line num="22" count="2" type="stmt"/>
        <line num="25" count="7" type="stmt"/>
        <line num="26" count="2" type="stmt"/>
        <line num="27" count="2" type="stmt"/>
        <line num="28" count="2" type="stmt"/>
        <line num="30" count="2" type="stmt"/>
        <line num="31" count="2" type="stmt"/>
        <line num="34" count="0" type="stmt"/>
        <line num="38" count="7" type="stmt"/>
        <line num="40" count="7" type="cond" truecount="1" falsecount="1"/>
        <line num="41" count="0" type="stmt"/>
        <line num="47" count="7" type="stmt"/>
        <line num="49" count="7" type="cond" truecount="2" falsecount="0"/>
        <line num="59" count="1" type="stmt"/>
        <line num="64" count="1" type="stmt"/>
        <line num="65" count="14" type="stmt"/>
        <line num="67" count="1" type="stmt"/>
        <line num="77" count="1" type="stmt"/>
        <line num="78" count="14" type="stmt"/>
        <line num="80" count="1" type="stmt"/>
        <line num="90" count="0" type="stmt"/>
        <line num="98" count="44" type="stmt"/>
        <line num="100" count="44" type="stmt"/>
      </file>
      <file name="Contact.js" path="C:\Users\Ananya Sachan\Desktop\react codes\src\components\Contact.js">
        <metrics statements="2" coveredstatements="2" conditionals="0" coveredconditionals="0" methods="1" coveredmethods="1"/>
        <line num="1" count="1" type="stmt"/>
        <line num="2" count="4" type="stmt"/>
      </file>
      <file name="Header.js" path="C:\Users\Ananya Sachan\Desktop\react codes\src\components\Header.js">
        <metrics statements="7" coveredstatements="7" conditionals="4" coveredconditionals="2" methods="3" coveredmethods="3"/>
        <line num="10" count="1" type="stmt"/>
        <line num="12" count="7" type="stmt"/>
        <line num="14" count="7" type="stmt"/>
        <line num="16" count="7" type="stmt"/>
        <line num="18" count="12" type="stmt"/>
        <line num="21" count="7" type="stmt"/>
        <line num="55" count="2" type="cond" truecount="1" falsecount="1"/>
      </file>
      <file name="RestaurantCard.js" path="C:\Users\Ananya Sachan\Desktop\react codes\src\components\RestaurantCard.js">
        <metrics statements="9" coveredstatements="8" conditionals="6" coveredconditionals="3" methods="4" coveredmethods="3"/>
        <line num="7" count="2" type="stmt"/>
        <line num="9" count="46" type="stmt"/>
        <line num="11" count="46" type="cond" truecount="1" falsecount="1"/>
        <line num="21" count="46" type="stmt"/>
        <line num="23" count="46" type="stmt"/>
        <line num="34" count="0" type="stmt"/>
        <line num="64" count="2" type="stmt"/>
        <line num="65" count="8" type="stmt"/>
        <line num="66" count="26" type="stmt"/>
      </file>
      <file name="shimmer.js" path="C:\Users\Ananya Sachan\Desktop\react codes\src\components\shimmer.js">
        <metrics statements="2" coveredstatements="2" conditionals="0" coveredconditionals="0" methods="1" coveredmethods="1"/>
        <line num="1" count="1" type="stmt"/>
        <line num="2" count="2" type="stmt"/>
      </file>
      <file name="sum.js" path="C:\Users\Ananya Sachan\Desktop\react codes\src\components\sum.js">
        <metrics statements="2" coveredstatements="2" conditionals="0" coveredconditionals="0" methods="1" coveredmethods="1"/>
        <line num="1" count="1" type="stmt"/>
        <line num="2" count="1" type="stmt"/>
      </file>
    </package>
    <package name="utils">
      <metrics statements="19" coveredstatements="14" conditionals="0" coveredconditionals="0" methods="7" coveredmethods="2"/>
      <file name="UserContext.js" path="C:\Users\Ananya Sachan\Desktop\react codes\src\utils\UserContext.js">
        <metrics statements="1" coveredstatements="1" conditionals="0" coveredconditionals="0" methods="0" coveredmethods="0"/>
        <line num="3" count="3" type="stmt"/>
      </file>
      <file name="appStore.js" path="C:\Users\Ananya Sachan\Desktop\react codes\src\utils\appStore.js">
        <metrics statements="1" coveredstatements="1" conditionals="0" coveredconditionals="0" methods="0" coveredmethods="0"/>
        <line num="4" count="1" type="stmt"/>
      </file>
      <file name="cartSlice.js" path="C:\Users\Ananya Sachan\Desktop\react codes\src\utils\cartSlice.js">
        <metrics statements="5" coveredstatements="2" conditionals="0" coveredconditionals="0" methods="3" coveredmethods="0"/>
        <line num="3" count="1" type="stmt"/>
        <line num="10" count="0" type="stmt"/>
        <line num="13" count="0" type="stmt"/>
        <line num="16" count="0" type="stmt"/>
        <line num="22" count="1" type="stmt"/>
      </file>
      <file name="constant.js" path="C:\Users\Ananya Sachan\Desktop\react codes\src\utils\constant.js">
        <metrics statements="4" coveredstatements="4" conditionals="0" coveredconditionals="0" methods="0" coveredmethods="0"/>
        <line num="1" count="3" type="stmt"/>
        <line num="3" count="3" type="stmt"/>
        <line num="6" count="3" type="stmt"/>
        <line num="8" count="3" type="stmt"/>
      </file>
      <file name="useOnlineStatus.js" path="C:\Users\Ananya Sachan\Desktop\react codes\src\utils\useOnlineStatus.js">
        <metrics statements="8" coveredstatements="6" conditionals="0" coveredconditionals="0" methods="4" coveredmethods="2"/>
        <line num="4" count="2" type="stmt"/>
        <line num="5" count="14" type="stmt"/>
        <line num="8" count="14" type="stmt"/>
        <line num="9" count="7" type="stmt"/>
        <line num="10" count="0" type="stmt"/>
        <line num="12" count="7" type="stmt"/>
        <line num="13" count="0" type="stmt"/>
        <line num="17" count="14" type="stmt"/>
      </file>
    </package>
  </project>
</coverage>
