{"C:\\Users\\Ananya Sachan\\Desktop\\react codes\\src\\components\\Contact.js": {"path":"C:\\Users\\Ananya Sachan\\Desktop\\react codes\\src\\components\\Contact.js","statementMap":{"0":{"start":{"line":1,"column":16},"end":{"line":14,"column":1}},"1":{"start":{"line":2,"column":4},"end":{"line":13,"column":5}}},"fnMap":{"0":{"name":"(anonymous_0)","decl":{"start":{"line":1,"column":16},"end":{"line":1,"column":17}},"loc":{"start":{"line":1,"column":21},"end":{"line":14,"column":1}},"line":1}},"branchMap":{},"s":{"0":1,"1":4},"f":{"0":4},"b":{},"_coverageSchema":"1a1c01bbd47fc00a2c39e90264f33305004495a9","hash":"71847ff5b91bf26662d260ade5721916e154940f"}
,"C:\\Users\\Ananya Sachan\\Desktop\\react codes\\src\\components\\Header.js": {"path":"C:\\Users\\Ananya Sachan\\Desktop\\react codes\\src\\components\\Header.js","statementMap":{"0":{"start":{"line":10,"column":15},"end":{"line":71,"column":1}},"1":{"start":{"line":12,"column":42},"end":{"line":12,"column":59}},"2":{"start":{"line":14,"column":23},"end":{"line":14,"column":40}},"3":{"start":{"line":16,"column":25},"end":{"line":16,"column":48}},"4":{"start":{"line":18,"column":20},"end":{"line":18,"column":60}},"5":{"start":{"line":18,"column":43},"end":{"line":18,"column":59}},"6":{"start":{"line":21,"column":2},"end":{"line":70,"column":4}},"7":{"start":{"line":55,"column":13},"end":{"line":57,"column":40}}},"fnMap":{"0":{"name":"(anonymous_0)","decl":{"start":{"line":10,"column":15},"end":{"line":10,"column":16}},"loc":{"start":{"line":10,"column":21},"end":{"line":71,"column":1}},"line":10},"1":{"name":"(anonymous_1)","decl":{"start":{"line":18,"column":32},"end":{"line":18,"column":33}},"loc":{"start":{"line":18,"column":43},"end":{"line":18,"column":59}},"line":18},"2":{"name":"(anonymous_2)","decl":{"start":{"line":54,"column":20},"end":{"line":54,"column":21}},"loc":{"start":{"line":54,"column":26},"end":{"line":58,"column":12}},"line":54}},"branchMap":{"0":{"loc":{"start":{"line":30,"column":24},"end":{"line":30,"column":49}},"type":"cond-expr","locations":[{"start":{"line":30,"column":39},"end":{"line":30,"column":42}},{"start":{"line":30,"column":45},"end":{"line":30,"column":49}}],"line":30},"1":{"loc":{"start":{"line":55,"column":13},"end":{"line":57,"column":39}},"type":"cond-expr","locations":[{"start":{"line":56,"column":15},"end":{"line":56,"column":40}},{"start":{"line":57,"column":15},"end":{"line":57,"column":39}}],"line":55}},"s":{"0":1,"1":7,"2":7,"3":7,"4":7,"5":12,"6":7,"7":2},"f":{"0":7,"1":12,"2":2},"b":{"0":[7,0],"1":[2,0]},"_coverageSchema":"1a1c01bbd47fc00a2c39e90264f33305004495a9","hash":"5816109a4dce59e751ab6e58d6e134b71383115b"}
,"C:\\Users\\Ananya Sachan\\Desktop\\react codes\\src\\components\\RestaurantCard.js": {"path":"C:\\Users\\Ananya Sachan\\Desktop\\react codes\\src\\components\\RestaurantCard.js","statementMap":{"0":{"start":{"line":7,"column":23},"end":{"line":62,"column":1}},"1":{"start":{"line":9,"column":25},"end":{"line":9,"column":48}},"2":{"start":{"line":11,"column":2},"end":{"line":11,"column":28}},"3":{"start":{"line":11,"column":16},"end":{"line":11,"column":28}},"4":{"start":{"line":21,"column":6},"end":{"line":21,"column":13}},"5":{"start":{"line":23,"column":2},"end":{"line":61,"column":4}},"6":{"start":{"line":34,"column":10},"end":{"line":35,"column":94}},"7":{"start":{"line":64,"column":34},"end":{"line":73,"column":2}},"8":{"start":{"line":65,"column":2},"end":{"line":72,"column":4}},"9":{"start":{"line":66,"column":4},"end":{"line":71,"column":6}}},"fnMap":{"0":{"name":"(anonymous_0)","decl":{"start":{"line":7,"column":23},"end":{"line":7,"column":24}},"loc":{"start":{"line":7,"column":40},"end":{"line":62,"column":1}},"line":7},"1":{"name":"(anonymous_1)","decl":{"start":{"line":33,"column":17},"end":{"line":33,"column":18}},"loc":{"start":{"line":33,"column":24},"end":{"line":36,"column":9}},"line":33},"2":{"name":"(anonymous_2)","decl":{"start":{"line":64,"column":34},"end":{"line":64,"column":35}},"loc":{"start":{"line":64,"column":54},"end":{"line":73,"column":2}},"line":64},"3":{"name":"(anonymous_3)","decl":{"start":{"line":65,"column":9},"end":{"line":65,"column":10}},"loc":{"start":{"line":65,"column":20},"end":{"line":72,"column":3}},"line":65}},"branchMap":{"0":{"loc":{"start":{"line":11,"column":2},"end":{"line":11,"column":28}},"type":"if","locations":[{"start":{"line":11,"column":2},"end":{"line":11,"column":28}},{"start":{},"end":{}}],"line":11},"1":{"loc":{"start":{"line":29,"column":10},"end":{"line":31,"column":41}},"type":"cond-expr","locations":[{"start":{"line":30,"column":14},"end":{"line":30,"column":31}},{"start":{"line":31,"column":14},"end":{"line":31,"column":41}}],"line":29},"2":{"loc":{"start":{"line":42,"column":9},"end":{"line":44,"column":32}},"type":"cond-expr","locations":[{"start":{"line":43,"column":12},"end":{"line":43,"column":20}},{"start":{"line":44,"column":12},"end":{"line":44,"column":32}}],"line":42}},"s":{"0":1,"1":2,"2":2,"3":0,"4":2,"5":2,"6":0,"7":1,"8":1,"9":1},"f":{"0":2,"1":0,"2":1,"3":1},"b":{"0":[0,2],"1":[2,0],"2":[2,0]},"_coverageSchema":"1a1c01bbd47fc00a2c39e90264f33305004495a9","hash":"1f4b3f70b675445d1542b062d3b4e00d5b606367"}
,"C:\\Users\\Ananya Sachan\\Desktop\\react codes\\src\\components\\sum.js": {"path":"C:\\Users\\Ananya Sachan\\Desktop\\react codes\\src\\components\\sum.js","statementMap":{"0":{"start":{"line":1,"column":19},"end":{"line":3,"column":1}},"1":{"start":{"line":2,"column":4},"end":{"line":2,"column":15}}},"fnMap":{"0":{"name":"(anonymous_0)","decl":{"start":{"line":1,"column":19},"end":{"line":1,"column":20}},"loc":{"start":{"line":1,"column":28},"end":{"line":3,"column":1}},"line":1}},"branchMap":{},"s":{"0":1,"1":1},"f":{"0":1},"b":{},"_coverageSchema":"1a1c01bbd47fc00a2c39e90264f33305004495a9","hash":"a1d563bec1f42debd3080cc84c54e35026dcf76e"}
,"C:\\Users\\Ananya Sachan\\Desktop\\react codes\\src\\utils\\UserContext.js": {"path":"C:\\Users\\Ananya Sachan\\Desktop\\react codes\\src\\utils\\UserContext.js","statementMap":{"0":{"start":{"line":3,"column":20},"end":{"line":5,"column":2}}},"fnMap":{},"branchMap":{},"s":{"0":2},"f":{},"b":{},"_coverageSchema":"1a1c01bbd47fc00a2c39e90264f33305004495a9","hash":"33804da900e4e641574d4dd883e3cb5741872d0e"}
,"C:\\Users\\Ananya Sachan\\Desktop\\react codes\\src\\utils\\appStore.js": {"path":"C:\\Users\\Ananya Sachan\\Desktop\\react codes\\src\\utils\\appStore.js","statementMap":{"0":{"start":{"line":4,"column":17},"end":{"line":8,"column":2}}},"fnMap":{},"branchMap":{},"s":{"0":1},"f":{},"b":{},"_coverageSchema":"1a1c01bbd47fc00a2c39e90264f33305004495a9","hash":"c37f9db463ce79a42c3d7bb507374bf3d97c9810"}
,"C:\\Users\\Ananya Sachan\\Desktop\\react codes\\src\\utils\\cartSlice.js": {"path":"C:\\Users\\Ananya Sachan\\Desktop\\react codes\\src\\utils\\cartSlice.js","statementMap":{"0":{"start":{"line":3,"column":18},"end":{"line":19,"column":2}},"1":{"start":{"line":10,"column":12},"end":{"line":10,"column":45}},"2":{"start":{"line":13,"column":12},"end":{"line":13,"column":30}},"3":{"start":{"line":16,"column":11},"end":{"line":16,"column":34}},"4":{"start":{"line":22,"column":53},"end":{"line":22,"column":70}}},"fnMap":{"0":{"name":"(anonymous_0)","decl":{"start":{"line":9,"column":19},"end":{"line":9,"column":20}},"loc":{"start":{"line":9,"column":38},"end":{"line":11,"column":9}},"line":9},"1":{"name":"(anonymous_1)","decl":{"start":{"line":12,"column":22},"end":{"line":12,"column":23}},"loc":{"start":{"line":12,"column":33},"end":{"line":14,"column":9}},"line":12},"2":{"name":"(anonymous_2)","decl":{"start":{"line":15,"column":20},"end":{"line":15,"column":21}},"loc":{"start":{"line":15,"column":31},"end":{"line":17,"column":9}},"line":15}},"branchMap":{},"s":{"0":1,"1":0,"2":0,"3":0,"4":1},"f":{"0":0,"1":0,"2":0},"b":{},"_coverageSchema":"1a1c01bbd47fc00a2c39e90264f33305004495a9","hash":"ce5cff5196dbbc73fdcd67116cd9737fc60cdbb4"}
,"C:\\Users\\Ananya Sachan\\Desktop\\react codes\\src\\utils\\constant.js": {"path":"C:\\Users\\Ananya Sachan\\Desktop\\react codes\\src\\utils\\constant.js","statementMap":{"0":{"start":{"line":1,"column":23},"end":{"line":1,"column":106}},"1":{"start":{"line":3,"column":24},"end":{"line":3,"column":152}},"2":{"start":{"line":6,"column":35},"end":{"line":6,"column":103}},"3":{"start":{"line":8,"column":25},"end":{"line":8,"column":92}}},"fnMap":{},"branchMap":{},"s":{"0":2,"1":2,"2":2,"3":2},"f":{},"b":{},"_coverageSchema":"1a1c01bbd47fc00a2c39e90264f33305004495a9","hash":"d4b922bb16ec91cc059285280fbbb5105758c8a2"}
,"C:\\Users\\Ananya Sachan\\Desktop\\react codes\\src\\utils\\useOnlineStatus.js": {"path":"C:\\Users\\Ananya Sachan\\Desktop\\react codes\\src\\utils\\useOnlineStatus.js","statementMap":{"0":{"start":{"line":4,"column":24},"end":{"line":18,"column":1}},"1":{"start":{"line":5,"column":44},"end":{"line":5,"column":58}},"2":{"start":{"line":8,"column":4},"end":{"line":15,"column":10}},"3":{"start":{"line":9,"column":6},"end":{"line":11,"column":8}},"4":{"start":{"line":10,"column":10},"end":{"line":10,"column":33}},"5":{"start":{"line":12,"column":6},"end":{"line":14,"column":8}},"6":{"start":{"line":13,"column":10},"end":{"line":13,"column":32}},"7":{"start":{"line":17,"column":4},"end":{"line":17,"column":24}}},"fnMap":{"0":{"name":"(anonymous_0)","decl":{"start":{"line":4,"column":24},"end":{"line":4,"column":25}},"loc":{"start":{"line":4,"column":30},"end":{"line":18,"column":1}},"line":4},"1":{"name":"(anonymous_1)","decl":{"start":{"line":8,"column":14},"end":{"line":8,"column":15}},"loc":{"start":{"line":8,"column":18},"end":{"line":15,"column":5}},"line":8},"2":{"name":"(anonymous_2)","decl":{"start":{"line":9,"column":41},"end":{"line":9,"column":42}},"loc":{"start":{"line":9,"column":45},"end":{"line":11,"column":7}},"line":9},"3":{"name":"(anonymous_3)","decl":{"start":{"line":12,"column":40},"end":{"line":12,"column":41}},"loc":{"start":{"line":12,"column":44},"end":{"line":14,"column":7}},"line":12}},"branchMap":{},"s":{"0":1,"1":7,"2":7,"3":5,"4":0,"5":5,"6":0,"7":7},"f":{"0":7,"1":5,"2":0,"3":0},"b":{},"_coverageSchema":"1a1c01bbd47fc00a2c39e90264f33305004495a9","hash":"12d8844bbc18390a603fd606e406d5fc469a74f8"}
}
