TN:
SF:src\components\Body.js
FN:10,(anonymous_0)
FN:21,(anonymous_1)
FN:25,(anonymous_2)
FN:59,(anonymous_3)
FN:63,(anonymous_4)
FN:64,(anonymous_5)
FN:76,(anonymous_6)
FN:78,(anonymous_7)
FN:90,(anonymous_8)
FN:96,(anonymous_9)
FNF:10
FNH:9
FNDA:7,(anonymous_0)
FNDA:2,(anonymous_1)
FNDA:2,(anonymous_2)
FNDA:1,(anonymous_3)
FNDA:1,(anonymous_4)
FNDA:14,(anonymous_5)
FNDA:1,(anonymous_6)
FNDA:14,(anonymous_7)
FNDA:0,(anonymous_8)
FNDA:44,(anonymous_9)
DA:10,1
DA:12,7
DA:13,7
DA:15,7
DA:17,7
DA:20,7
DA:21,7
DA:22,2
DA:25,7
DA:26,2
DA:27,2
DA:28,2
DA:30,2
DA:31,2
DA:34,0
DA:38,7
DA:40,7
DA:41,0
DA:47,7
DA:49,7
DA:59,1
DA:64,1
DA:65,14
DA:67,1
DA:77,1
DA:78,14
DA:80,1
DA:90,0
DA:98,44
DA:100,44
LF:30
LH:27
BRDA:40,0,0,0
BRDA:40,0,1,7
BRDA:49,1,0,2
BRDA:49,1,1,5
BRDA:106,2,0,25
BRDA:106,2,1,19
BRF:6
BRH:5
end_of_record
TN:
SF:src\components\Contact.js
FN:1,(anonymous_0)
FNF:1
FNH:1
FNDA:4,(anonymous_0)
DA:1,1
DA:2,4
LF:2
LH:2
BRF:0
BRH:0
end_of_record
TN:
SF:src\components\Header.js
FN:10,(anonymous_0)
FN:18,(anonymous_1)
FN:54,(anonymous_2)
FNF:3
FNH:3
FNDA:7,(anonymous_0)
FNDA:12,(anonymous_1)
FNDA:2,(anonymous_2)
DA:10,1
DA:12,7
DA:14,7
DA:16,7
DA:18,12
DA:21,7
DA:55,2
LF:7
LH:7
BRDA:30,0,0,7
BRDA:30,0,1,0
BRDA:55,1,0,2
BRDA:55,1,1,0
BRF:4
BRH:2
end_of_record
TN:
SF:src\components\RestaurantCard.js
FN:7,(anonymous_0)
FN:33,(anonymous_1)
FN:64,(anonymous_2)
FN:65,(anonymous_3)
FNF:4
FNH:3
FNDA:46,(anonymous_0)
FNDA:0,(anonymous_1)
FNDA:8,(anonymous_2)
FNDA:26,(anonymous_3)
DA:7,2
DA:9,46
DA:11,46
DA:21,46
DA:23,46
DA:34,0
DA:64,2
DA:65,8
DA:66,26
LF:9
LH:8
BRDA:11,0,0,0
BRDA:11,0,1,46
BRDA:29,1,0,46
BRDA:29,1,1,0
BRDA:42,2,0,46
BRDA:42,2,1,0
BRF:6
BRH:3
end_of_record
TN:
SF:src\components\shimmer.js
FN:1,(anonymous_0)
FNF:1
FNH:1
FNDA:2,(anonymous_0)
DA:1,1
DA:2,2
LF:2
LH:2
BRF:0
BRH:0
end_of_record
TN:
SF:src\components\sum.js
FN:1,(anonymous_0)
FNF:1
FNH:1
FNDA:1,(anonymous_0)
DA:1,1
DA:2,1
LF:2
LH:2
BRF:0
BRH:0
end_of_record
TN:
SF:src\utils\UserContext.js
FNF:0
FNH:0
DA:3,3
LF:1
LH:1
BRF:0
BRH:0
end_of_record
TN:
SF:src\utils\appStore.js
FNF:0
FNH:0
DA:4,1
LF:1
LH:1
BRF:0
BRH:0
end_of_record
TN:
SF:src\utils\cartSlice.js
FN:9,(anonymous_0)
FN:12,(anonymous_1)
FN:15,(anonymous_2)
FNF:3
FNH:0
FNDA:0,(anonymous_0)
FNDA:0,(anonymous_1)
FNDA:0,(anonymous_2)
DA:3,1
DA:10,0
DA:13,0
DA:16,0
DA:22,1
LF:5
LH:2
BRF:0
BRH:0
end_of_record
TN:
SF:src\utils\constant.js
FNF:0
FNH:0
DA:1,3
DA:3,3
DA:6,3
DA:8,3
LF:4
LH:4
BRF:0
BRH:0
end_of_record
TN:
SF:src\utils\useOnlineStatus.js
FN:4,(anonymous_0)
FN:8,(anonymous_1)
FN:9,(anonymous_2)
FN:12,(anonymous_3)
FNF:4
FNH:2
FNDA:14,(anonymous_0)
FNDA:7,(anonymous_1)
FNDA:0,(anonymous_2)
FNDA:0,(anonymous_3)
DA:4,2
DA:5,14
DA:8,14
DA:9,7
DA:10,0
DA:12,7
DA:13,0
DA:17,14
LF:8
LH:6
BRF:0
BRH:0
end_of_record
